<?xml version="1.0" encoding="UTF-8"?>
<testsuite name="com.mitocode.SpringReactorApplicationTests" tests="1" skipped="0" failures="0" errors="0" timestamp="2022-11-07T18:00:14" hostname="VLADIMIR-PC" time="0.33">
  <properties/>
  <testcase name="contextLoads()" classname="com.mitocode.SpringReactorApplicationTests" time="0.33"/>
  <system-out><![CDATA[12:00:09.799 [Test worker] DEBUG org.springframework.test.context.BootstrapUtils - Instantiating CacheAwareContextLoaderDelegate from class [org.springframework.test.context.cache.DefaultCacheAwareContextLoaderDelegate]
12:00:09.811 [Test worker] DEBUG org.springframework.test.context.BootstrapUtils - Instantiating BootstrapContext using constructor [public org.springframework.test.context.support.DefaultBootstrapContext(java.lang.Class,org.springframework.test.context.CacheAwareContextLoaderDelegate)]
12:00:09.829 [Test worker] DEBUG org.springframework.test.context.BootstrapUtils - Instantiating TestContextBootstrapper for test class [com.mitocode.SpringReactorApplicationTests] from class [org.springframework.boot.test.context.SpringBootTestContextBootstrapper]
12:00:09.843 [Test worker] INFO org.springframework.boot.test.context.SpringBootTestContextBootstrapper - Neither @ContextConfiguration nor @ContextHierarchy found for test class [com.mitocode.SpringReactorApplicationTests], using SpringBootContextLoader
12:00:09.843 [Test worker] DEBUG org.springframework.test.context.support.AbstractContextLoader - Did not detect default resource location for test class [com.mitocode.SpringReactorApplicationTests]: class path resource [com/mitocode/SpringReactorApplicationTests-context.xml] does not exist
12:00:09.843 [Test worker] DEBUG org.springframework.test.context.support.AbstractContextLoader - Did not detect default resource location for test class [com.mitocode.SpringReactorApplicationTests]: class path resource [com/mitocode/SpringReactorApplicationTestsContext.groovy] does not exist
12:00:09.843 [Test worker] INFO org.springframework.test.context.support.AbstractContextLoader - Could not detect default resource locations for test class [com.mitocode.SpringReactorApplicationTests]: no resource found for suffixes {-context.xml, Context.groovy}.
12:00:09.849 [Test worker] INFO org.springframework.test.context.support.AnnotationConfigContextLoaderUtils - Could not detect default configuration classes for test class [com.mitocode.SpringReactorApplicationTests]: SpringReactorApplicationTests does not declare any static, non-private, non-final, nested classes annotated with @Configuration.
12:00:09.879 [Test worker] DEBUG org.springframework.test.context.support.ActiveProfilesUtils - Could not find an 'annotation declaring class' for annotation type [org.springframework.test.context.ActiveProfiles] and class [com.mitocode.SpringReactorApplicationTests]
12:00:09.922 [Test worker] DEBUG org.springframework.context.annotation.ClassPathScanningCandidateComponentProvider - Identified candidate component class: file [D:\Java Project\Spring\spring-reactor\build\classes\java\main\com\mitocode\SpringReactorApplication.class]
12:00:09.922 [Test worker] INFO org.springframework.boot.test.context.SpringBootTestContextBootstrapper - Found @SpringBootConfiguration com.mitocode.SpringReactorApplication for test class com.mitocode.SpringReactorApplicationTests
12:00:10.002 [Test worker] DEBUG org.springframework.boot.test.context.SpringBootTestContextBootstrapper - @TestExecutionListeners is not present for class [com.mitocode.SpringReactorApplicationTests]: using defaults.
12:00:10.003 [Test worker] INFO org.springframework.boot.test.context.SpringBootTestContextBootstrapper - Loaded default TestExecutionListener class names from location [META-INF/spring.factories]: [org.springframework.boot.test.autoconfigure.restdocs.RestDocsTestExecutionListener, org.springframework.boot.test.autoconfigure.web.client.MockRestServiceServerResetTestExecutionListener, org.springframework.boot.test.autoconfigure.web.servlet.MockMvcPrintOnlyOnFailureTestExecutionListener, org.springframework.boot.test.autoconfigure.web.servlet.WebDriverTestExecutionListener, org.springframework.boot.test.autoconfigure.webservices.client.MockWebServiceServerTestExecutionListener, org.springframework.boot.test.mock.mockito.MockitoTestExecutionListener, org.springframework.boot.test.mock.mockito.ResetMocksTestExecutionListener, org.springframework.test.context.web.ServletTestExecutionListener, org.springframework.test.context.support.DirtiesContextBeforeModesTestExecutionListener, org.springframework.test.context.event.ApplicationEventsTestExecutionListener, org.springframework.test.context.support.DependencyInjectionTestExecutionListener, org.springframework.test.context.support.DirtiesContextTestExecutionListener, org.springframework.test.context.transaction.TransactionalTestExecutionListener, org.springframework.test.context.jdbc.SqlScriptsTestExecutionListener, org.springframework.test.context.event.EventPublishingTestExecutionListener]
12:00:10.014 [Test worker] INFO org.springframework.boot.test.context.SpringBootTestContextBootstrapper - Using TestExecutionListeners: [org.springframework.test.context.web.ServletTestExecutionListener@18e7143f, org.springframework.test.context.support.DirtiesContextBeforeModesTestExecutionListener@f9b7332, org.springframework.test.context.event.ApplicationEventsTestExecutionListener@74cec793, org.springframework.boot.test.mock.mockito.MockitoTestExecutionListener@6fefce9e, org.springframework.boot.test.autoconfigure.SpringBootDependencyInjectionTestExecutionListener@4f8969b0, org.springframework.test.context.support.DirtiesContextTestExecutionListener@1bdf8190, org.springframework.test.context.transaction.TransactionalTestExecutionListener@192f2f27, org.springframework.test.context.jdbc.SqlScriptsTestExecutionListener@8a589a2, org.springframework.test.context.event.EventPublishingTestExecutionListener@c65a5ef, org.springframework.boot.test.autoconfigure.restdocs.RestDocsTestExecutionListener@6b5176f2, org.springframework.boot.test.autoconfigure.web.client.MockRestServiceServerResetTestExecutionListener@b672aa8, org.springframework.boot.test.autoconfigure.web.servlet.MockMvcPrintOnlyOnFailureTestExecutionListener@2fab4aff, org.springframework.boot.test.autoconfigure.web.servlet.WebDriverTestExecutionListener@ec0c838, org.springframework.boot.test.autoconfigure.webservices.client.MockWebServiceServerTestExecutionListener@6e46d9f4, org.springframework.boot.test.mock.mockito.ResetMocksTestExecutionListener@5cc69cfe]
12:00:10.018 [Test worker] DEBUG org.springframework.test.context.support.AbstractDirtiesContextTestExecutionListener - Before test class: context [DefaultTestContext@a77614d testClass = SpringReactorApplicationTests, testInstance = [null], testMethod = [null], testException = [null], mergedContextConfiguration = [WebMergedContextConfiguration@4fd4cae3 testClass = SpringReactorApplicationTests, locations = '{}', classes = '{class com.mitocode.SpringReactorApplication}', contextInitializerClasses = '[]', activeProfiles = '{}', propertySourceLocations = '{}', propertySourceProperties = '{org.springframework.boot.test.context.SpringBootTestContextBootstrapper=true}', contextCustomizers = set[org.springframework.boot.test.autoconfigure.actuate.metrics.MetricsExportContextCustomizerFactory$DisableMetricExportContextCustomizer@623e088f, org.springframework.boot.test.autoconfigure.properties.PropertyMappingContextCustomizer@0, org.springframework.boot.test.autoconfigure.web.servlet.WebDriverContextCustomizerFactory$Customizer@69653e16, org.springframework.boot.test.context.filter.ExcludeFilterContextCustomizer@436bc36, org.springframework.boot.test.json.DuplicateJsonObjectContextCustomizerFactory$DuplicateJsonObjectContextCustomizer@57abad67, org.springframework.boot.test.mock.mockito.MockitoContextCustomizer@0, org.springframework.boot.test.web.client.TestRestTemplateContextCustomizer@2cc44ad, org.springframework.boot.test.web.reactive.server.WebTestClientContextCustomizer@34cdeda2, org.springframework.boot.test.context.SpringBootTestArgs@1, org.springframework.boot.test.context.SpringBootTestWebEnvironment@21282ed8], resourceBasePath = 'src/main/webapp', contextLoader = 'org.springframework.boot.test.context.SpringBootContextLoader', parent = [null]], attributes = map['org.springframework.test.context.web.ServletTestExecutionListener.activateListener' -> true]], class annotated with @DirtiesContext [false] with mode [null].

  .   ____          _            __ _ _
 /\\ / ___'_ __ _ _(_)_ __  __ _ \ \ \ \
( ( )\___ | '_ | '_| | '_ \/ _` | \ \ \ \
 \\/  ___)| |_)| | | | | || (_| |  ) ) ) )
  '  |____| .__|_| |_|_| |_\__, | / / / /
 =========|_|==============|___/=/_/_/_/
 :: Spring Boot ::                (v2.7.5)

2022-11-07 12:00:10.309  INFO 9864 --- [    Test worker] c.m.SpringReactorApplicationTests        : Starting SpringReactorApplicationTests using Java 17.0.4.1 on Vladimir-PC with PID 9864 (started by stanl in D:\Java Project\Spring\spring-reactor)
2022-11-07 12:00:10.309  INFO 9864 --- [    Test worker] c.m.SpringReactorApplicationTests        : No active profile set, falling back to 1 default profile: "default"
2022-11-07 12:00:10.923  INFO 9864 --- [    Test worker] .s.d.r.c.RepositoryConfigurationDelegate : Bootstrapping Spring Data Reactive MongoDB repositories in DEFAULT mode.
2022-11-07 12:00:11.039  INFO 9864 --- [    Test worker] .s.d.r.c.RepositoryConfigurationDelegate : Finished Spring Data repository scanning in 114 ms. Found 6 Reactive MongoDB repository interfaces.
2022-11-07 12:00:11.221  INFO 9864 --- [    Test worker] trationDelegate$BeanPostProcessorChecker : Bean 'org.springframework.security.config.annotation.method.configuration.ReactiveMethodSecurityConfiguration' of type [org.springframework.security.config.annotation.method.configuration.ReactiveMethodSecurityConfiguration] is not eligible for getting processed by all BeanPostProcessors (for example: not eligible for auto-proxying)
2022-11-07 12:00:11.900  INFO 9864 --- [    Test worker] org.mongodb.driver.client                : MongoClient with metadata {"driver": {"name": "mongo-java-driver|reactive-streams|spring-boot", "version": "4.6.1"}, "os": {"type": "Windows", "name": "Windows 11", "architecture": "amd64", "version": "10.0"}, "platform": "Java/Eclipse Adoptium/17.0.4.1+1"} created with settings MongoClientSettings{readPreference=primary, writeConcern=WriteConcern{w=null, wTimeout=null ms, journal=null}, retryWrites=true, retryReads=true, readConcern=ReadConcern{level=null}, credential=MongoCredential{mechanism=null, userName='stanleyvladimir', source='admin', password=<hidden>, mechanismProperties=<hidden>}, streamFactoryFactory=NettyStreamFactoryFactory{eventLoopGroup=io.netty.channel.nio.NioEventLoopGroup@650a1aff, socketChannelClass=class io.netty.channel.socket.nio.NioSocketChannel, allocator=PooledByteBufAllocator(directByDefault: true), sslContext=null}, commandListeners=[], codecRegistry=ProvidersCodecRegistry{codecProviders=[ValueCodecProvider{}, BsonValueCodecProvider{}, DBRefCodecProvider{}, DBObjectCodecProvider{}, DocumentCodecProvider{}, IterableCodecProvider{}, MapCodecProvider{}, GeoJsonCodecProvider{}, GridFSFileCodecProvider{}, Jsr310CodecProvider{}, JsonObjectCodecProvider{}, BsonCodecProvider{}, EnumCodecProvider{}, com.mongodb.Jep395RecordCodecProvider@3babcaed]}, clusterSettings={hosts=[127.0.0.1:27017], srvHost=cluster0.q4ibd.mongodb.net, srvServiceName=mongodb, mode=MULTIPLE, requiredClusterType=REPLICA_SET, requiredReplicaSetName='atlas-y8s03g-shard-0', serverSelector='null', clusterListeners='[]', serverSelectionTimeout='30000 ms', localThreshold='30000 ms'}, socketSettings=SocketSettings{connectTimeoutMS=10000, readTimeoutMS=0, receiveBufferSize=0, sendBufferSize=0}, heartbeatSocketSettings=SocketSettings{connectTimeoutMS=10000, readTimeoutMS=10000, receiveBufferSize=0, sendBufferSize=0}, connectionPoolSettings=ConnectionPoolSettings{maxSize=100, minSize=0, maxWaitTimeMS=120000, maxConnectionLifeTimeMS=0, maxConnectionIdleTimeMS=0, maintenanceInitialDelayMS=0, maintenanceFrequencyMS=60000, connectionPoolListeners=[], maxConnecting=2}, serverSettings=ServerSettings{heartbeatFrequencyMS=10000, minHeartbeatFrequencyMS=500, serverListeners='[]', serverMonitorListeners='[]'}, sslSettings=SslSettings{enabled=true, invalidHostNameAllowed=false, context=null}, applicationName='null', compressorList=[], uuidRepresentation=JAVA_LEGACY, serverApi=null, autoEncryptionSettings=null, contextProvider=null}
2022-11-07 12:00:11.919  INFO 9864 --- [ibd.mongodb.net] org.mongodb.driver.cluster               : Adding discovered server cluster0-shard-00-00.q4ibd.mongodb.net:27017 to client view of cluster
2022-11-07 12:00:11.944  INFO 9864 --- [ibd.mongodb.net] org.mongodb.driver.cluster               : Adding discovered server cluster0-shard-00-02.q4ibd.mongodb.net:27017 to client view of cluster
2022-11-07 12:00:11.945  INFO 9864 --- [ibd.mongodb.net] org.mongodb.driver.cluster               : Adding discovered server cluster0-shard-00-01.q4ibd.mongodb.net:27017 to client view of cluster
2022-11-07 12:00:12.985  INFO 9864 --- [ngodb.net:27017] org.mongodb.driver.connection            : Opened connection [connectionId{localValue:2, serverValue:2963686}] to cluster0-shard-00-01.q4ibd.mongodb.net:27017
2022-11-07 12:00:12.985  INFO 9864 --- [ngodb.net:27017] org.mongodb.driver.connection            : Opened connection [connectionId{localValue:4, serverValue:2968350}] to cluster0-shard-00-00.q4ibd.mongodb.net:27017
2022-11-07 12:00:12.985  INFO 9864 --- [ngodb.net:27017] org.mongodb.driver.connection            : Opened connection [connectionId{localValue:5, serverValue:2979993}] to cluster0-shard-00-02.q4ibd.mongodb.net:27017
2022-11-07 12:00:12.985  INFO 9864 --- [ngodb.net:27017] org.mongodb.driver.connection            : Opened connection [connectionId{localValue:3, serverValue:2963687}] to cluster0-shard-00-01.q4ibd.mongodb.net:27017
2022-11-07 12:00:12.985  INFO 9864 --- [ngodb.net:27017] org.mongodb.driver.connection            : Opened connection [connectionId{localValue:1, serverValue:2979994}] to cluster0-shard-00-02.q4ibd.mongodb.net:27017
2022-11-07 12:00:12.985  INFO 9864 --- [ngodb.net:27017] org.mongodb.driver.connection            : Opened connection [connectionId{localValue:6, serverValue:2968350}] to cluster0-shard-00-00.q4ibd.mongodb.net:27017
2022-11-07 12:00:12.991  INFO 9864 --- [ngodb.net:27017] org.mongodb.driver.cluster               : Monitor thread successfully connected to server with description ServerDescription{address=cluster0-shard-00-02.q4ibd.mongodb.net:27017, type=REPLICA_SET_PRIMARY, state=CONNECTED, ok=true, minWireVersion=0, maxWireVersion=13, maxDocumentSize=16777216, logicalSessionTimeoutMinutes=30, roundTripTimeNanos=545676100, setName='atlas-y8s03g-shard-0', canonicalAddress=cluster0-shard-00-02.q4ibd.mongodb.net:27017, hosts=[cluster0-shard-00-00.q4ibd.mongodb.net:27017, cluster0-shard-00-01.q4ibd.mongodb.net:27017, cluster0-shard-00-02.q4ibd.mongodb.net:27017], passives=[], arbiters=[], primary='cluster0-shard-00-02.q4ibd.mongodb.net:27017', tagSet=TagSet{[Tag{name='nodeType', value='ELECTABLE'}, Tag{name='provider', value='AWS'}, Tag{name='region', value='US_EAST_1'}, Tag{name='workloadType', value='OPERATIONAL'}]}, electionId=7fffffff000000000000008f, setVersion=8, topologyVersion=TopologyVersion{processId=634effd862206240bfe46f91, counter=6}, lastWriteDate=Mon Nov 07 12:00:58 CST 2022, lastUpdateTimeNanos=13167621134300}
2022-11-07 12:00:12.991  INFO 9864 --- [ngodb.net:27017] org.mongodb.driver.cluster               : Monitor thread successfully connected to server with description ServerDescription{address=cluster0-shard-00-00.q4ibd.mongodb.net:27017, type=REPLICA_SET_SECONDARY, state=CONNECTED, ok=true, minWireVersion=0, maxWireVersion=13, maxDocumentSize=16777216, logicalSessionTimeoutMinutes=30, roundTripTimeNanos=542311800, setName='atlas-y8s03g-shard-0', canonicalAddress=cluster0-shard-00-00.q4ibd.mongodb.net:27017, hosts=[cluster0-shard-00-00.q4ibd.mongodb.net:27017, cluster0-shard-00-01.q4ibd.mongodb.net:27017, cluster0-shard-00-02.q4ibd.mongodb.net:27017], passives=[], arbiters=[], primary='cluster0-shard-00-02.q4ibd.mongodb.net:27017', tagSet=TagSet{[Tag{name='nodeType', value='ELECTABLE'}, Tag{name='provider', value='AWS'}, Tag{name='region', value='US_EAST_1'}, Tag{name='workloadType', value='OPERATIONAL'}]}, electionId=null, setVersion=8, topologyVersion=TopologyVersion{processId=634efd54f99269c0cf604cdd, counter=4}, lastWriteDate=Mon Nov 07 12:00:58 CST 2022, lastUpdateTimeNanos=13167621125100}
2022-11-07 12:00:12.991  INFO 9864 --- [ngodb.net:27017] org.mongodb.driver.cluster               : Monitor thread successfully connected to server with description ServerDescription{address=cluster0-shard-00-01.q4ibd.mongodb.net:27017, type=REPLICA_SET_SECONDARY, state=CONNECTED, ok=true, minWireVersion=0, maxWireVersion=13, maxDocumentSize=16777216, logicalSessionTimeoutMinutes=30, roundTripTimeNanos=543948000, setName='atlas-y8s03g-shard-0', canonicalAddress=cluster0-shard-00-01.q4ibd.mongodb.net:27017, hosts=[cluster0-shard-00-00.q4ibd.mongodb.net:27017, cluster0-shard-00-01.q4ibd.mongodb.net:27017, cluster0-shard-00-02.q4ibd.mongodb.net:27017], passives=[], arbiters=[], primary='cluster0-shard-00-02.q4ibd.mongodb.net:27017', tagSet=TagSet{[Tag{name='nodeType', value='ELECTABLE'}, Tag{name='provider', value='AWS'}, Tag{name='region', value='US_EAST_1'}, Tag{name='workloadType', value='OPERATIONAL'}]}, electionId=null, setVersion=8, topologyVersion=TopologyVersion{processId=634f01f6c1b46e6dea08b9b9, counter=3}, lastWriteDate=Mon Nov 07 12:00:58 CST 2022, lastUpdateTimeNanos=13167621125100}
2022-11-07 12:00:13.001  INFO 9864 --- [ngodb.net:27017] org.mongodb.driver.cluster               : Setting max election id to 7fffffff000000000000008f from replica set primary cluster0-shard-00-02.q4ibd.mongodb.net:27017
2022-11-07 12:00:13.001  INFO 9864 --- [ngodb.net:27017] org.mongodb.driver.cluster               : Setting max set version to 8 from replica set primary cluster0-shard-00-02.q4ibd.mongodb.net:27017
2022-11-07 12:00:13.003  INFO 9864 --- [ngodb.net:27017] org.mongodb.driver.cluster               : Discovered replica set primary cluster0-shard-00-02.q4ibd.mongodb.net:27017
2022-11-07 12:00:14.709  INFO 9864 --- [    Test worker] c.m.SpringReactorApplicationTests        : Started SpringReactorApplicationTests in 4.665 seconds (JVM running for 5.947)
]]></system-out>
  <system-err><![CDATA[]]></system-err>
</testsuite>
